<?xml version="1.0" encoding="UTF-8"?>
<testsuite xmlns:xsi="http://www.w3.org/2001/XMLSchema-instance" xsi:noNamespaceSchemaLocation="https://maven.apache.org/surefire/maven-surefire-plugin/xsd/surefire-test-report.xsd" name="makemytrip.TestRunner" time="7.17" tests="3" errors="0" skipped="3" failures="0">
  <properties>
[...]
</properties>
  <testcase name="login should be successful" classname="Facebook Application demo" time="0">
    <skipped message="The step &quot;user selects a dateofbirth&quot; is undefined"/>
    <system-err><![CDATA[SLF4J: No SLF4J providers were found.
SLF4J: Defaulting to no-operation (NOP) logger implementation
SLF4J: See https://www.slf4j.org/codes.html#noProviders for further details.
1698322978920	geckodriver	INFO	Listening on 127.0.0.1:64529
1698322979535	mozrunner::runner	INFO	Running command: "C:\\Program Files\\Mozilla Firefox\\firefox.exe" "--marionette" "-no-remote" "-profile" "C:\\Users\\monir\\AppData\\Local\\Temp\\rust_mozprofileOJU810"
console.warn: services.settings: Ignoring preference override of remote settings server
console.warn: services.settings: Allow by setting MOZ_REMOTE_SETTINGS_DEVTOOLS=1 in the environment
1698322979788	Marionette	INFO	Marionette enabled
Dynamically enable window occlusion 0
1698322979866	Marionette	INFO	Listening on port 61575
Read port: 61575
1698322980066	RemoteAgent	WARN	TLS certificate errors will be ignored for this session
Oct 26, 2023 5:53:01 PM org.openqa.selenium.remote.ProtocolHandshake createSession
INFO: Detected dialect: W3C
JavaScript warning: https://static.xx.fbcdn.net/rsrc.php/v3i_Ou4/yi/l/en_GB/H0wnRp_Aysj.js?_nc_x=Ij3Wp8lg5Kz, line 26: WEBGL_debug_renderer_info is deprecated in Firefox and will be removed. Please use RENDERER.
console.warn: LoginRecipes: "Falling back to a synchronous message for: https://www.facebook.com."
console.warn: LoginRecipes: "Falling back to a synchronous message for: https://www.facebook.com."
console.warn: LoginRecipes: "Falling back to a synchronous message for: https://www.facebook.com."
console.warn: LoginRecipes: "Falling back to a synchronous message for: https://www.facebook.com."
]]></system-err>
  </testcase>
  <testcase name="login should be successful" classname="Facebook Application demo" time="0">
    <skipped message="The step &quot;user selects a gender&quot; is undefined"/>
  </testcase>
  <testcase name="login should be successful" classname="Facebook Application demo" time="0">
    <skipped message="The step &quot;user needs to click a a signup&quot; is undefined"/>
  </testcase>
</testsuite>